<?xml version="1.0" encoding="UTF-8"?>
<!-- Generated by org.testng.reporters.JUnitReportReporter -->
<testsuite hostname="Pavan-Lenova" failures="0" tests="5" name="com.calculator.CalculatorTest" time="0.004" errors="0" timestamp="2024-11-21T13:05:12 IST" skipped="0">
  <testcase classname="com.calculator.CalculatorTest" name="testAddition" time="0.004"/>
  <testcase classname="com.calculator.CalculatorTest" name="testSubtraction" time="0.000"/>
  <testcase classname="com.calculator.CalculatorTest" name="testDivision" time="0.000"/>
  <testcase classname="com.calculator.CalculatorTest" name="testMultiplication" time="0.000"/>
  <testcase classname="com.calculator.CalculatorTest" name="testDivisionByZero" time="0.000"/>
</testsuite> <!-- com.calculator.CalculatorTest -->
